VH		0
VH		0
VH	1	77
VH	1	0
VH	2	78
VH	3	73
VH	4	74
VH	5	75
VH	5	0
VH	6	71
VH	7	76
VH	8	84
VH	9	85
VH	10	79
VH	11	74
VH	12	82
VH	13	80
VH	14	73
VH	15	0
VH	16	78
VH	17	70
VH	18	83
VH	19	75
VH	20	76
VH	21	77
VH	22	59
VH	23	78
VH	24	77
VH	25	77
VH	25	0
VH	26	76
VH	27	66
VH	28	67
VH	29	87
VH	30	72
VH	31	67
VH	32	74
VH	33	75
VH	34	70
VH	35	66
VH	36	73
VH	37	71
VH	38	70
VH	39	68
VH	40	68
VH	41	72
VH	42	77
VH	43	69
VH	44	66
VH	45	83
VH	46	66
VH	47	66
VH	48	72
VH	49	66
VH	50	70
VH	51	64
VH	52	76
VH	53	71
VH	54	65
VH	55	66
VH	56	73
VH	57	69
VH	58	64
VH	59	64
VH	60	73
VH	61	67
VH	62	67
VH	63	73
VH	64	70
VH	65	82
VH	66	75
VH	67	76
VH	68	74
VH	69	77
VH	70	78
VH	71	80
VH	72	69
VH	73	83
VH	74	70
VH	75	99
VH	76	78
VH	77	75
VH	78	72
VH	79	105
VH	80	75
VH	81	76
VH	82	82
VH	83	81
VH	84	69
VH	85	72
VH	86	84
VH	87	70
VH	88	70
VH	89	70
VH	90	87
VH	91	73
VH	92	79
VH	93	71
VH	94	73
VH	95	77
VH	96	70
VH	97	72
VH	98	76
VH	99	79
VH	100	65
VH	101	66
VH	102	74
VH	103	64
VH	104	75
VH	105	75
VH	106	76
VH	107	73
VH	108	78
VH	109	71
VH	110	66
VH	111	83
VH	112	71
VH	113	71
VH	114	82
VH	115	66
VH	116	69
VH	117	72
VH	118	65
VH	119	98
VH	120	76
VH	121	89
VH	122	72
VH	123	74
VH	124	75
VH	125	73
VH	126	69
VH	127	74
VH	128	76
VH	129	71
VH	130	80
VH	131	0
VH	132	73
VH	133	80
VH	134	74
VH	135	70
VH	136	79
VH	137	85
VH	138	73
VH	139	75
VH	140	77
VH	141	73
VH	142	71
VH	143	76
VH	144	74
VH	145	71
VH	146	80
VH	147	75
VH	148	71
VH	149	71
VH	150	70
VH	151	84
VH	152	69
VH	153	68
VH	154	64
VH	155	83
VH	156	66
VH	157	71
VH	158	66
VH	159	71
VH	160	74
VH	161	70
VH	162	78
VH	163	68
VH	164	65
VH	165	64
VH	166	71
VH	167	63
VH	168	73
VH	169	69
VH	170	71
VH	171	78
VH	172	72
VH	173	72
VH	174	77
VH	175	74
VH	176	73
VH	177	76
VH	178	78
VH	179	94
VH	180	70
VH	181	79
VH	182	72
VH	183	85
VH	184	76
VH	185	78
VH	186	75
VH	187	80
VH	188	82
VH	189	78
VH	190	72
VH	191	69
VH	192	79
VH	193	70
VH	194	64
VH	195	67
VH	196	67
VH	197	71
VH	198	65
VH	199	69
VH	200	71
VH	201	67
VH	202	66
VH	203	75
VH	204	75
VH	204	0
VH	205	70
VH	206	73
VH	207	73
VH	208	76
VH	209	73
VH	210	71
VH	211	70
VH	212	79
VH	213	75
VH	214	74
VH	215	75
VH	216	93
VH	217	71
VH	218	66
VH	219	70
VH	220	80
VH	221	82
VH	222	72
VH	223	73
VH	224	71
VH	225	66
VH	226	67
VH	227	71
VH	228	70
VH	229	66
VH	229	0
VH	230	97
EX		0
EX		0
EX	1	107
EX	1	0
EX	2	0
EX	3	84
EX	4	87
EX	5	75
EX	6	79
EX	7	92
EX	8	82
EX	9	93
EX	10	93
EX	11	80
EX	12	92
EX	13	82
EX	14	77
EX	15	96
EX	16	78
EX	17	95
EX	18	78
EX	19	87
EX	20	76
EX	21	88
EX	22	92
EX	23	101
EX	24	86
EX	25	101
EX	26	87
EX	27	87
EX	28	101
EX	29	89
EX	30	89
EX	31	86
EX	32	0
EX	33	86
EX	34	82
EX	35	79
EX	36	95
EX	37	86
EX	38	76
EX	39	105
EX	40	91
EX	41	88
EX	42	110
EX	43	76
EX	44	95
EX	45	90
EX	46	81
EX	47	105
EX	48	89
EX	49	97
EX	50	87
EX	51	96
EX	52	87
EX	53	100
EX	54	88
EX	55	85
EX	56	76
EX	57	94
EX	58	93
EX	59	95
EX	60	82
EX	61	100
EX	62	88
EX	63	76
EX	64	78
EX	65	97
EX	66	75
EX	67	92
EX	68	80
EX	69	90
EX	70	101
EX	71	87
EX	72	90
EX	73	100
EX	74	76
EX	75	86
EX	76	82
EX	77	97
EX	78	82
EX	79	87
EX	80	99
EX	81	77
EX	82	92
EX	83	94
EX	84	83
EX	85	88
EX	86	85
EX	87	92
EX	88	98
EX	89	90
EX	90	89
EX	91	92
EX	92	80
EX	93	98
EX	94	93
EX	95	95
EX	96	77
EX	97	93
EX	98	88
EX	99	89
EX	100	82
EX	101	79
EX	102	92
EX	103	96
EX	104	76
EX	105	85
EX	106	77
EX	107	80
EX	108	81
EX	109	76
EX	110	82
EX	111	82
EX	112	91
EX	113	102
EX	114	96
EX	115	98
EX	116	83
EX	117	106
EX	118	100
EX	119	92
EX	120	0
EX	121	91
EX	122	85
EX	123	83
EX	124	85
EX	125	82
EX	126	97
EX	127	82
EX	128	104
EX	129	81
EX	130	97
EX	131	87
EX	132	95
EX	133	104
EX	134	92
EX	135	85
EX	136	96
EX	137	83
EX	138	97
EX	139	95
EX	140	83
EX	141	96
EX	142	87
EX	143	84
EX	144	94
EX	145	93
EX	146	79
EX	147	92
EX	148	91
EX	149	104
EX	150	84
EX	151	84
EX	152	99
EX	153	94
EX	154	79
EX	155	107
EX	156	92
EX	157	81
EX	158	84
EX	159	89
EX	160	81
EX	161	87
EX	162	81
EX	163	87
EX	164	88
EX	165	79
EX	166	87
EX	167	79
EX	168	107
EX	169	82
EX	170	94
EX	171	96
EX	172	90
EX	173	87
EX	174	85
EX	175	86
EX	176	102
EX	177	96
EX	178	88
EX	179	79
EX	180	102
EX	181	105
EX	182	89
EX	183	100
EX	184	89
EX	185	95
EX	186	96
EX	187	86
EX	188	80
EX	189	86
EX	190	87
EX	191	106
EX	192	85
EX	193	85
EX	194	101
EX	195	80
EX	196	91
EX	197	97
EX	198	82
EX	199	83
EX	200	80
EX	201	91
EX	202	97
EX	203	88
EX	204	95
EX	205	88
EX	206	103
EX	207	0
EX	208	98
EX	209	89
EX	210	94
EX	211	98
EX	212	92
EX	213	85
EX	214	103
EX	215	85
EX	216	105
EX	217	85
EX	218	90
EX	219	93
EX	220	90
EX	221	91
EX	222	94
EX	223	84
EX	224	94
