EX+		0
EX+		0
EX+		118
EX+		0
EX+		110
EX+		131
EX+		112
EX+		122
EX+		112
EX+		113
EX+		113
EX+		0
EX+		112
EX+		125
EX+		115
EX+		115
EX+		114
EX+		115
EX+		112
EX+		113
EX+		129
EX+		113
EX+		112
EX+		124
EX+		117
EX+		134
EX+		116
EX+		121
EX+		130
EX+		123
EX+		122
EX+		120
EX+		115
EX+		125
EX+		116
EX+		121
EX+		115
EX+		129
EX+		0
EX+		118
EX+		113
EX+		117
EX+		113
EX+		117
EX+		113
EX+		120
EX+		117
EX+		126
EX+		126
EX+		127
EX+		118
EX+		121
EX+		118
EX+		118
EX+		126
EX+		121
EX+		120
EX+		113
EX+		116
EX+		120
EX+		114
EX+		125
EX+		119
EX+		122
EX+		0
EX+		122
EX+		0
EX+		0
EX+		0
EX+		112
EX+		112
EX+		112
EX+		112
EX+		111
EX+		112
EX+		122
EX+		111
EX+		111
EX+		109
EX+		125
EX+		113
EX+		111
EX+		112
EX+		110
EX+		121
EX+		120
EX+		110
EX+		119
EX+		119
EX+		126
EX+		112
EX+		124
EX+		117
EX+		121
EX+		118
EX+		128
EX+		0
EX+		129
EX+		120
EX+		134
EX+		124
EX+		124
EX+		121
EX+		122
EX+		127
EX+		117
EX+		116
EX+		120
EX+		125
EX+		134
EX+		124
EX+		120
EX+		128
EX+		115
EX+		125
EX+		130
EX+		138
EX+		127
EX+		137
EX+		125
EX+		119
EX+		126
EX+		119
EX+		124
EX+		118
EX+		124
EX+		117
EX+		124
EX+		119
EX+		123
EX+		119
EX+		0
EX+		111
EX+		123
EX+		119
EX+		124
EX+		120
EX+		125
EX+		117
EX+		124
EX+		115
EX+		132
EX+		0
EX+		111
EX+		129
EX+		111
EX+		115
EX+		123
EX+		116
EX+		113
EX+		122
EX+		110
EX+		112
EX+		112
EX+		117
EX+		122
EX+		124
EX+		112
EX+		111
EX+		112
EX+		113
EX+		119
EX+		115
EX+		123
EX+		118
EX+		127
EX+		119
EX+		119
EX+		125
EX+		134
EX+		113
EX+		118
EX+		120
EX+		122
EX+		120
EX+		125
EX+		119
EX+		118
EX+		116
EX+		121
EX+		131
EX+		112
EX+		119
EX+		118
EX+		124
EX+		118
EX+		124
EX+		122
EX+		139
EX+		119
