キャンペーン		0
キャンペーン		0
キャンペーン	1	43
キャンペーン	1	0
キャンペーン	2	32
キャンペーン	3	32
キャンペーン	4	32
キャンペーン	5	33
キャンペーン	6	31
キャンペーン	7	33
キャンペーン	8	32
キャンペーン	10	0
キャンペーン	11	33
キャンペーン	12	29
キャンペーン	13	28
キャンペーン	14	28
キャンペーン	15	31
キャンペーン	16	28
キャンペーン	17	35
キャンペーン	18	26
キャンペーン	19	34
キャンペーン	20	34
キャンペーン	21	29
キャンペーン	22	28
キャンペーン	23	33
キャンペーン	24	26
キャンペーン	25	32
キャンペーン	26	33
キャンペーン	28	0
キャンペーン	29	30
キャンペーン	30	48
キャンペーン	31	30
キャンペーン	32	52
キャンペーン	33	39
キャンペーン	34	30
キャンペーン	35	28
キャンペーン	36	34
キャンペーン	37	31
キャンペーン	38	45
キャンペーン	39	32
キャンペーン	40	33
キャンペーン	41	28
キャンペーン	42	34
キャンペーン	43	37
キャンペーン	44	32
キャンペーン	45	31
キャンペーン	46	34
キャンペーン	47	33
キャンペーン	48	40
キャンペーン	49	30
キャンペーン	50	31
キャンペーン	51	30
キャンペーン	52	34
キャンペーン	53	37
キャンペーン	54	29
キャンペーン	55	34
キャンペーン	56	36
キャンペーン	57	34
キャンペーン	58	39
キャンペーン	59	33
キャンペーン	60	30
キャンペーン	61	33
キャンペーン	62	30
キャンペーン	63	40
キャンペーン	64	30
キャンペーン	65	35
キャンペーン	66	34
キャンペーン	67	33
キャンペーン	68	58
キャンペーン	69	30
キャンペーン	70	31
キャンペーン	71	27
キャンペーン	72	40
キャンペーン	73	35
キャンペーン	74	32
キャンペーン	75	49
キャンペーン	76	32
キャンペーン	77	33
キャンペーン	78	37
キャンペーン	79	29
キャンペーン	80	34
キャンペーン	81	32
キャンペーン	82	26
キャンペーン	83	41
キャンペーン	84	31
キャンペーン	85	33
キャンペーン	86	34
キャンペーン	87	32
キャンペーン	88	33
キャンペーン	89	47
キャンペーン	90	33
キャンペーン	91	51
キャンペーン	92	32
キャンペーン	93	37
キャンペーン	94	48
キャンペーン	95	32
キャンペーン	96	30
キャンペーン	97	30
キャンペーン	98	40
キャンペーン	99	32
キャンペーン	100	32
キャンペーン	101	30
キャンペーン	102	34
キャンペーン	103	39
キャンペーン	104	30
キャンペーン	105	30
キャンペーン	106	30
キャンペーン	107	34
キャンペーン	108	32
キャンペーン	109	28
キャンペーン	110	31
キャンペーン	111	34
キャンペーン	112	28
キャンペーン	113	31
キャンペーン	113	0
キャンペーン	114	36
キャンペーン	115	31
キャンペーン	116	30
キャンペーン	117	28
キャンペーン	118	29
キャンペーン	119	33
キャンペーン	120	27
キャンペーン	121	35
キャンペーン	122	31
キャンペーン	123	32
キャンペーン	124	33
キャンペーン	125	31
キャンペーン	126	38
キャンペーン	127	32
キャンペーン	128	27
キャンペーン	129	32
キャンペーン	130	32
キャンペーン	131	51
キャンペーン	132	31
キャンペーン	133	33
キャンペーン	134	28
キャンペーン	135	50
キャンペーン	136	39
キャンペーン	137	30
キャンペーン	138	30
キャンペーン	139	30
キャンペーン	140	32
キャンペーン	141	37
キャンペーン	142	33
キャンペーン	143	33
キャンペーン	144	31
キャンペーン	145	29
キャンペーン	146	38
キャンペーン	147	28
キャンペーン	148	26
キャンペーン	149	27
キャンペーン	150	34
キャンペーン	151	39
キャンペーン	152	31
キャンペーン	153	49
キャンペーン	154	31
キャンペーン	155	33
キャンペーン	156	39
キャンペーン	157	35
キャンペーン	158	52
キャンペーン	159	32
キャンペーン	160	53
キャンペーン	161	33
キャンペーン	162	37
キャンペーン	163	34
キャンペーン	164	33
キャンペーン	165	31
キャンペーン	166	32
キャンペーン	167	38
キャンペーン	168	34
キャンペーン	169	32
キャンペーン	170	35
キャンペーン	171	35
キャンペーン	172	39
キャンペーン	173	30
キャンペーン	174	31
キャンペーン	175	34
キャンペーン	176	30
キャンペーン	177	35
キャンペーン	178	33
キャンペーン	179	33
キャンペーン	180	33
キャンペーン	181	29
キャンペーン	182	37
キャンペーン	183	34
キャンペーン	184	31
キャンペーン	185	31
キャンペーン	186	33
キャンペーン	187	40
キャンペーン	188	33
キャンペーン	189	28
キャンペーン	190	27
キャンペーン	191	31
キャンペーン	192	40
キャンペーン	193	35
キャンペーン	194	35
キャンペーン	195	33
キャンペーン	196	33
キャンペーン	197	43
キャンペーン	198	49
キャンペーン	199	30
キャンペーン	200	27
キャンペーン	201	32
キャンペーン	202	34
キャンペーン	203	52
キャンペーン	204	29
キャンペーン	205	30
キャンペーン	206	31
キャンペーン	207	34
キャンペーン	208	30
キャンペーン	209	31
キャンペーン	210	33
キャンペーン	211	32
キャンペーン	212	37
キャンペーン	213	33
キャンペーン	214	28
キャンペーン	215	26
キャンペーン	216	32
キャンペーン	217	39
キャンペーン	218	29
キャンペーン	219	34
キャンペーン	220	55
キャンペーン	221	34
キャンペーン	222	38
キャンペーン	223	33
キャンペーン	224	48
キャンペーン	225	35
キャンペーン	226	50
キャンペーン	227	37
キャンペーン	228	35
キャンペーン	229	35
キャンペーン	230	34
キャンペーン	231	33
キャンペーン	232	36
キャンペーン	233	31
キャンペーン	234	33
キャンペーン	235	71
キャンペーン	236	33
キャンペーン	237	41
キャンペーン	238	35
キャンペーン	239	32
キャンペーン	240	33
キャンペーン	241	37
キャンペーン	242	39
キャンペーン	243	34
キャンペーン	244	33
キャンペーン	245	29
キャンペーン	246	35
キャンペーン	247	35
キャンペーン	248	31
キャンペーン	249	32
キャンペーン	250	35
キャンペーン	251	30
キャンペーン	252	38
キャンペーン	253	30
キャンペーン	254	32
キャンペーン	255	29
キャンペーン	256	34
キャンペーン	257	43
キャンペーン	258	31
キャンペーン	259	27
キャンペーン	260	34
キャンペーン	261	30
キャンペーン	262	53
キャンペーン	263	29
キャンペーン	264	32
キャンペーン	265	35
キャンペーン	266	49
キャンペーン	267	34
キャンペーン	268	37
キャンペーン	269	28
キャンペーン	270	35
キャンペーン	271	27
キャンペーン	272	39
キャンペーン	273	33
キャンペーン	274	33
キャンペーン	275	33
キャンペーン	276	27
キャンペーン	277	40
キャンペーン	278	29
キャンペーン	279	29
キャンペーン	280	33
キャンペーン	281	33
キャンペーン	282	42
キャンペーン	283	33
キャンペーン	283	0
キャンペーン	283	0
キャンペーン	284	32
キャンペーン	285	0
キャンペーン	285	0
キャンペーン	286	30
キャンペーン	287	33
キャンペーン	288	40
キャンペーン	289	31
キャンペーン	290	31
キャンペーン	291	35
キャンペーン	292	40
キャンペーン	293	28
キャンペーン	294	31
キャンペーン	295	35
キャンペーン	296	38
キャンペーン	297	33
キャンペーン	298	32
キャンペーン	299	34
キャンペーン	300	37
キャンペーン	301	32
キャンペーン	302	33
キャンペーン	303	34
キャンペーン	304	37
キャンペーン	305	66
キャンペーン	306	31
キャンペーン	307	38
キャンペーン	308	33
キャンペーン	309	51
キャンペーン	310	34
キャンペーン	311	36
キャンペーン	312	32
キャンペーン	313	27
キャンペーン	314	32
キャンペーン	315	33
キャンペーン	316	35
キャンペーン	317	35
キャンペーン	318	31
キャンペーン	319	38
キャンペーン	320	33
キャンペーン	321	27
キャンペーン	322	40
キャンペーン	323	31
キャンペーン	324	35
キャンペーン	325	32
キャンペーン	326	39
キャンペーン	327	47
キャンペーン	328	49
キャンペーン	329	35
キャンペーン	330	27
キャンペーン	331	31
キャンペーン	332	30
キャンペーン	333	32
キャンペーン	334	32
キャンペーン	335	31
キャンペーン	336	32
キャンペーン	337	48
キャンペーン	338	34
キャンペーン	339	33
キャンペーン	340	39
キャンペーン	341	31
キャンペーン	342	33
キャンペーン	343	38
キャンペーン	344	28
キャンペーン	345	34
キャンペーン	346	32
キャンペーン	347	39
キャンペーン	348	33
キャンペーン	349	35
キャンペーン	350	27
キャンペーン	351	38
キャンペーン	352	32
キャンペーン	353	34
キャンペーン	354	31
キャンペーン	355	39
キャンペーン	356	33
キャンペーン	357	32
キャンペーン	358	41
キャンペーン	359	32
キャンペーン	360	35
キャンペーン	361	34
キャンペーン	362	36
キャンペーン	363	33
キャンペーン	364	32
キャンペーン	365	32
キャンペーン	366	38
キャンペーン	367	31
キャンペーン	368	33
キャンペーン	369	33
キャンペーン	370	39
キャンペーン	371	66
キャンペーン	372	32
キャンペーン	373	40
キャンペーン	374	30
キャンペーン	375	33
キャンペーン	376	50
キャンペーン	377	40
キャンペーン	378	32
キャンペーン	379	32
キャンペーン	380	33
キャンペーン	381	39
キャンペーン	381	0
キャンペーン	382	37
キャンペーン	383	33
キャンペーン	384	36
キャンペーン	385	32
キャンペーン	386	33
キャンペーン	387	33
キャンペーン	388	34
キャンペーン	389	34
キャンペーン	390	27
キャンペーン	391	32
キャンペーン	392	32
キャンペーン	393	33
キャンペーン	394	32
キャンペーン	395	49
キャンペーン	396	33
キャンペーン	397	40
キャンペーン	398	34
キャンペーン	399	32
キャンペーン	400	34
キャンペーン	401	40
キャンペーン	402	32
キャンペーン	403	32
キャンペーン	404	33
キャンペーン	405	37
キャンペーン	406	32
キャンペーン	407	33
キャンペーン	408	29
キャンペーン	409	38
キャンペーン	410	32
キャンペーン	411	31
キャンペーン	412	56
キャンペーン	413	52
キャンペーン	414	31
キャンペーン	415	26
キャンペーン	416	38
キャンペーン	417	36
キャンペーン	418	26
キャンペーン	419	34
キャンペーン	420	36
キャンペーン	421	33
キャンペーン	422	31
キャンペーン	423	27
キャンペーン	424	35
キャンペーン	425	35
キャンペーン	426	33
キャンペーン	427	33
キャンペーン	428	36
キャンペーン	429	33
キャンペーン	430	27
キャンペーン	431	42
キャンペーン	432	35
キャンペーン	433	32
キャンペーン	434	34
キャンペーン	435	43
キャンペーン	436	27
キャンペーン	437	31
キャンペーン	438	33
キャンペーン	439	38
キャンペーン	440	28
キャンペーン	441	31
キャンペーン	442	33
キャンペーン	443	33
キャンペーン	444	27
キャンペーン	445	34
キャンペーン	446	26
キャンペーン	447	31
キャンペーン	448	29
キャンペーン	449	32
キャンペーン	450	31
キャンペーン	451	28
キャンペーン	452	31
キャンペーン	453	34
キャンペーン	454	34
キャンペーン	455	33
キャンペーン	456	49
キャンペーン	457	35
キャンペーン	458	34
キャンペーン	459	34
キャンペーン	460	38
キャンペーン	461	33
キャンペーン	462	51
キャンペーン	463	32
キャンペーン	464	35
キャンペーン	465	33
キャンペーン	466	28
キャンペーン	467	32
キャンペーン	468	35
キャンペーン	469	32
キャンペーン	470	35
キャンペーン	471	32
キャンペーン	472	34
キャンペーン	473	34
キャンペーン	474	32
キャンペーン	475	33
キャンペーン	476	44
キャンペーン	477	33
キャンペーン	478	34
キャンペーン	479	33
キャンペーン	480	37
キャンペーン	481	32
キャンペーン	482	32
キャンペーン	483	31
キャンペーン	484	36
キャンペーン	485	33
キャンペーン	486	30
キャンペーン	487	30
キャンペーン	488	39
キャンペーン	489	29
キャンペーン	490	32
キャンペーン	491	38
キャンペーン	492	32
キャンペーン	493	37
キャンペーン	494	33
キャンペーン	495	40
キャンペーン	496	34
キャンペーン	497	34
キャンペーン	498	29
キャンペーン	499	32
キャンペーン	500	32
キャンペーン	501	36
キャンペーン	502	41
キャンペーン	503	32
キャンペーン	504	31
キャンペーン	504	0
キャンペーン	505	48
キャンペーン	506	35
キャンペーン	507	37
キャンペーン	508	64
キャンペーン	509	31
キャンペーン	511	297
キャンペーン	512	38
キャンペーン	513	42
キャンペーン	514	38
キャンペーン	515	39
キャンペーン	516	38
キャンペーン	517	33
キャンペーン	518	37
キャンペーン	519	36
キャンペーン	520	44
キャンペーン	521	39
キャンペーン	522	34
キャンペーン	523	34
キャンペーン	524	41
キャンペーン	525	36
キャンペーン	526	57
キャンペーン	527	35
キャンペーン	528	39
キャンペーン	529	37
キャンペーン	530	38
キャンペーン	531	39
キャンペーン	532	0
キャンペーン	533	33
キャンペーン	534	27
キャンペーン	535	29
キャンペーン	536	30
キャンペーン	537	28
キャンペーン	538	28
キャンペーン	539	30
キャンペーン	540	29
キャンペーン	541	25
キャンペーン	542	26
キャンペーン	543	34
キャンペーン	544	29
キャンペーン	545	29
キャンペーン	546	29
キャンペーン	547	30
キャンペーン	548	30
キャンペーン	549	26
キャンペーン	550	29
キャンペーン	551	30
キャンペーン	552	29
キャンペーン	553	30
キャンペーン	554	30
キャンペーン	555	25
キャンペーン	556	26
キャンペーン	557	26
キャンペーン	558	26
キャンペーン	559	30
キャンペーン	560	26
キャンペーン	561	31
キャンペーン	562	30
キャンペーン	563	25
キャンペーン	564	48
キャンペーン	565	25
キャンペーン	566	30
キャンペーン	567	43
キャンペーン	568	31
キャンペーン	569	29
キャンペーン	570	30
キャンペーン	571	28
キャンペーン	572	26
キャンペーン	573	27
キャンペーン	574	29
キャンペーン	575	28
キャンペーン	576	30
キャンペーン	577	30
キャンペーン	578	30
キャンペーン	579	28
キャンペーン	580	29
キャンペーン	581	37
キャンペーン	582	45
キャンペーン	583	30
キャンペーン	584	31
キャンペーン	585	30
キャンペーン	586	29
キャンペーン	587	26
キャンペーン	588	38
キャンペーン	589	30
キャンペーン	590	48
キャンペーン	591	25
キャンペーン	592	34
キャンペーン	593	24
キャンペーン	594	45
キャンペーン	595	27
キャンペーン	596	36
キャンペーン	597	29
キャンペーン	598	32
キャンペーン	599	32
キャンペーン	600	30
キャンペーン	601	29
キャンペーン	602	28
キャンペーン	603	36
キャンペーン	604	28
キャンペーン	605	30
キャンペーン	606	32
キャンペーン	607	37
キャンペーン	608	31
キャンペーン	609	28
キャンペーン	610	31
キャンペーン	611	36
キャンペーン	612	29
キャンペーン	613	32
キャンペーン	614	28
キャンペーン	615	35
キャンペーン	616	29
キャンペーン	617	28
キャンペーン	618	35
キャンペーン	619	29
キャンペーン	620	29
キャンペーン	621	31
キャンペーン	622	36
キャンペーン	623	30
キャンペーン	624	24
キャンペーン	625	31
キャンペーン	626	36
キャンペーン	627	26
キャンペーン	628	29
キャンペーン	629	30
キャンペーン	630	37
キャンペーン	631	31
キャンペーン	632	48
キャンペーン	633	33
キャンペーン	634	48
キャンペーン	635	28
キャンペーン	636	30
キャンペーン	637	34
キャンペーン	638	30
キャンペーン	639	29
キャンペーン	640	31
キャンペーン	641	35
キャンペーン	642	31
キャンペーン	643	29
キャンペーン	644	30
キャンペーン	645	36
キャンペーン	646	29
キャンペーン	647	27
キャンペーン	648	35
キャンペーン	649	43
キャンペーン	650	29
キャンペーン	651	29
キャンペーン	652	37
キャンペーン	653	27
キャンペーン	654	25
キャンペーン	655	31
キャンペーン	656	33
キャンペーン	657	32
キャンペーン	658	45
キャンペーン	659	26
キャンペーン	660	31
キャンペーン	661	44
キャンペーン	662	29
キャンペーン	663	30
キャンペーン	664	36
キャンペーン	665	24
キャンペーン	666	30
キャンペーン	667	32
キャンペーン	668	30
キャンペーン	669	30
キャンペーン	670	31
キャンペーン	671	36
キャンペーン	672	30
キャンペーン	673	31
キャンペーン	674	25
キャンペーン	675	36
キャンペーン	676	29
キャンペーン	677	25
キャンペーン	678	30
キャンペーン	679	34
キャンペーン	680	31
キャンペーン	681	29
キャンペーン	682	31
キャンペーン	683	30
キャンペーン	684	30
キャンペーン	685	30
キャンペーン	686	35
キャンペーン	687	30
キャンペーン	688	27
キャンペーン	689	26
キャンペーン	690	33
キャンペーン	691	26
キャンペーン	692	31
キャンペーン	693	30
キャンペーン	694	34
キャンペーン	695	29
キャンペーン	696	29
キャンペーン	697	37
キャンペーン	698	46
キャンペーン	699	25
キャンペーン	700	30
キャンペーン	701	48
キャンペーン	702	30
キャンペーン	703	29
キャンペーン	704	28
キャンペーン	705	35
キャンペーン	706	29
キャンペーン	707	27
キャンペーン	708	25
キャンペーン	709	31
キャンペーン	710	29
キャンペーン	711	27
キャンペーン	712	25
キャンペーン	713	36
キャンペーン	714	45
キャンペーン	715	27
キャンペーン	716	31
キャンペーン	717	28
キャンペーン	718	25
キャンペーン	719	29
キャンペーン	720	36
キャンペーン	721	30
キャンペーン	722	29
キャンペーン	723	46
キャンペーン	724	37
キャンペーン	725	30
キャンペーン	726	42
キャンペーン	727	30
キャンペーン	728	35
キャンペーン	729	29
キャンペーン	730	29
キャンペーン	731	38
キャンペーン	732	25
キャンペーン	733	32
キャンペーン	734	28
キャンペーン	735	31
キャンペーン	736	30
キャンペーン	737	31
キャンペーン	738	28
キャンペーン	739	36
キャンペーン	740	32
キャンペーン	741	25
