
EX		0
EX	1	0
EX	2	0
EX	3	51
EX	4	59
EX	5	53
EX	6	78
EX	7	52
EX	8	176
EX	9	51
EX	10	53
EX	11	55
EX	12	60
EX	13	50
EX	14	0
EX	15	76
EX	16	78
EX	17	65
EX	18	52
EX	19	0
EX	20	55
EX	21	66
EX	22	244
EX	23	58
EX	24	51
EX	25	138
EX	26	55
EX	27	58
EX	28	52
EX	29	52
EX	30	223
EX	31	55
EX	32	52
EX	33	58
EX	34	52
EX	35	55
EX	36	64
EX	37	57
EX	38	207
EX	39	57
EX	40	54
EX	41	51
EX	42	51
EX	43	57
EX	44	65
EX	45	65
EX	46	184
EX	47	54
EX	48	54
EX	49	58
EX	50	51
EX	51	52
EX	52	54
EX	53	58
EX	54	0
EX	55	51
EX	56	53
EX	57	53
EX	58	278
EX	59	51
EX	60	54
EX	61	50
EX	62	61
EX	63	61
EX	64	51
EX	65	50
EX	66	174
EX	67	55
EX	68	53
EX	69	57
EX	70	56
EX	71	52
EX	72	52
EX	73	64
EX	74	194
EX	75	53
EX	76	54
EX	77	52
EX	78	52
EX	79	61
EX	80	62
EX	81	53
EX	82	170
EX	83	52
EX	84	60
EX	85	50
EX	86	55
EX	87	55
EX	88	0
EX	89	0
EX	90	82
EX	91	71
EX	92	0
EX	93	60
EX	94	68
EX	95	63
EX	96	62
EX	97	254
EX	98	71
EX	99	62
EX	100	84
EX	101	61
EX	102	63
EX	103	72
EX	104	68
EX	105	0
EX	106	53
EX	107	58
EX	108	55
EX	109	202
EX	110	53
EX	111	53
EX	112	59
EX	113	52
EX	114	52
EX	115	51
EX	116	59
EX	117	181
EX	118	59
EX	119	51
EX	120	51
EX	121	52
EX	122	57
EX	123	52
EX	124	51
EX	125	283
EX	126	52
EX	127	54
EX	128	58
EX	129	53
EX	130	52
EX	131	51
EX	132	60
EX	133	0
EX	134	58
EX	135	57
EX	136	57
EX	137	51
EX	138	76
EX	139	53
EX	140	62
EX	141	148
EX	142	55
EX	143	54
EX	144	58
EX	145	53
EX	146	52
EX	147	52
EX	148	57
EX	149	171
EX	150	59
EX	151	52
EX	152	50
EX	153	50
EX	154	60
EX	155	52
EX	156	53
EX	157	173
EX	158	54
EX	159	52
EX	160	59
EX	161	53
EX	162	52
EX	163	52
EX	164	60
EX	165	267
EX	166	57
EX	167	63
EX	168	52
EX	169	55
EX	170	280
EX	171	52
EX	172	53
EX	173	185
EX	174	51
EX	175	51
EX	176	60
EX	177	63
EX	178	51
EX	179	53
EX	180	59
EX	181	0
EX	182	61
EX	183	55
EX	184	52
EX	185	52
EX	186	62
EX	187	53
EX	188	52
EX	189	372
EX	190	52
EX	191	55
EX	192	53
EX	193	52
EX	194	54
EX	195	54
EX	196	53
EX	197	168
EX	198	52
EX	199	53
EX	200	51
EX	201	52
EX	202	53
EX	203	54
EX	204	62
EX	205	0
EX	206	52
EX	207	53
EX	208	49
EX	209	53
EX	210	52
EX	211	52
EX	212	51
EX	213	167
EX	214	57
EX	215	51
EX	216	58
EX	217	58
EX	218	0
EX	219	51
EX	220	52
EX	221	202
EX	222	50
EX	223	52
EX	224	292
EX	225	54
EX	226	52
EX	227	57
EX	228	62
EX	229	197
EX	230	59
EX	231	50
EX	232	50
EX	233	67
EX	234	52
EX	235	51
EX	236	54
EX	237	236
EX	238	52
EX	239	51
EX	240	59
EX	241	53
EX	242	53
EX	243	60
EX	244	52
EX	245	263
EX	246	57
EX	247	52
EX	248	51
EX	249	60
EX	250	51
EX	251	52
EX	252	52
EX	253	399
EX	254	51
EX	255	56
EX	256	54
EX	257	62
EX	258	52
EX	259	58
EX	260	53
EX	261	184
EX	262	58
EX	263	52
EX	264	52
EX	265	58
EX	266	52
EX	267	277
EX	268	51
EX	269	173
EX	270	62
EX	271	57
EX	272	51
EX	273	54
EX	274	52
EX	275	55
EX	276	52
EX	277	0
EX	278	0
EX	279	56
EX	280	50
EX	281	0
EX	282	0
EX	283	45
EX	284	42
EX	285	45
EX	286	46
EX	287	45
EX	288	51
EX	289	210
EX	290	54
EX	291	51
EX	292	54
EX	293	54
EX	294	50
EX	295	45
EX	296	63
EX	297	0
EX	298	65
EX	299	69
EX	300	69
EX	301	0
EX	302	56
EX	303	60
EX	304	0
EX	305	56
EX	306	63
EX	307	55
EX	308	64
EX	309	158
EX	310	64
EX	311	72
EX	312	63
EX	313	54
EX	314	64
EX	315	54
EX	316	54
EX	317	297
EX	318	63
EX	319	73
EX	320	63
EX	321	64
EX	322	313
EX	323	65
EX	324	66
EX	325	0
EX	326	72
EX	327	66
EX	328	65
EX	329	69
EX	330	0
EX	331	74
EX	332	55
EX	333	190
EX	334	54
EX	335	51
EX	336	45
EX	337	54
EX	338	36
EX	339	51
EX	340	56
EX	341	159
EX	342	0
EX	343	45
EX	344	67
EX	345	46
EX	346	45
EX	347	45
EX	348	188
EX	349	59
EX	350	67
EX	351	288
EX	352	63
EX	353	54
EX	354	68
EX	355	72
EX	356	178
EX	357	72
EX	358	63
EX	359	63
EX	360	69
EX	361	72
EX	362	63
EX	363	63
EX	364	259
EX	365	72
EX	366	68
EX	367	64
EX	368	63
EX	369	54
EX	370	59
EX	371	63
EX	372	0
EX	373	54
EX	374	54
EX	375	63
EX	376	67
EX	377	63
EX	378	63
EX	379	63
EX	380	242
EX	381	55
EX	382	69
EX	383	63
EX	384	63
EX	385	64
EX	386	68
EX	387	55
EX	388	193
EX	389	64
EX	390	59
EX	391	64
EX	392	0
EX	393	64
EX	394	63
EX	395	54
EX	396	195
EX	397	54
EX	398	60
EX	399	67
EX	400	54
EX	401	63
EX	402	63
EX	403	69
EX	404	494
EX	405	73
EX	406	0
EX	407	53
EX	408	72
EX	409	68
EX	410	64
EX	411	54
EX	412	200
EX	413	63
EX	414	73
EX	415	78
EX	416	63
EX	417	63
EX	418	64
EX	419	69
EX	420	197
EX	421	59
EX	422	45
EX	423	64
EX	424	55
EX	425	67
EX	426	55
EX	427	279
EX	428	273
EX	429	54
EX	430	63
EX	431	69
EX	432	63
EX	433	46
EX	434	63
EX	435	70
EX	436	464
EX	437	58
EX	438	64
EX	439	64
EX	440	63
EX	441	60
EX	442	54
EX	443	54
EX	444	183
EX	445	63
EX	446	63
EX	447	67
EX	448	64
EX	449	55
EX	450	63
EX	451	59
EX	452	500
EX	453	78
EX	454	63
EX	455	64
EX	456	63
EX	457	292
EX	458	63
EX	459	55
EX	460	165
EX	461	65
EX	462	54
EX	463	67
EX	464	54
EX	465	63
EX	466	55
EX	467	77
EX	468	193
EX	469	70
EX	470	63
EX	471	0
EX	472	63
EX	473	55
EX	474	55
EX	475	63
EX	476	265
EX	477	64
EX	478	64
EX	479	63
EX	480	56
EX	481	64
EX	482	72
EX	483	63
EX	484	184
EX	485	64
EX	486	73
EX	487	63
EX	488	65
EX	489	72
EX	490	64
EX	491	64
EX	492	475
EX	493	74
EX	494	63
EX	495	64
EX	496	64
EX	497	0
EX	498	55
EX	499	68
EX	500	239
EX	501	0
EX	502	0
EX	503	76
EX	504	73
EX	505	73
EX	506	73
EX	507	65
EX	508	0
EX	509	57
EX	510	66
EX	511	56
EX	512	57
EX	513	63
EX	514	56
EX	515	57
EX	516	176
EX	517	57
EX	518	57
EX	519	60
EX	520	56
EX	521	58
EX	522	0
EX	523	274
EX	524	75
EX	525	75
EX	526	85
EX	527	76
EX	528	75
EX	529	75
EX	530	75
EX	531	205
EX	532	83
EX	533	76
EX	534	84
EX	535	75
EX	536	75
EX	537	75
EX	538	76
EX	539	464
EX	540	75
EX	541	66
EX	542	67
EX	543	65
EX	544	75
EX	545	66
EX	546	66
EX	547	204
EX	548	66
EX	549	77
EX	550	66
EX	551	66
EX	552	67
EX	553	67
EX	554	75
EX	555	0
EX	556	66
EX	557	66
EX	558	75
EX	559	75
EX	560	81
EX	561	75
EX	562	66
EX	563	219
EX	564	62
EX	565	65
EX	566	64
EX	567	68
EX	568	64
EX	569	57
EX	570	61
EX	571	226
EX	572	57
EX	573	62
EX	574	58
EX	575	93
EX	576	97
EX	577	94
EX	578	75
EX	579	261
EX	580	84
EX	581	84
EX	582	94
EX	583	98
EX	584	93
EX	585	93
EX	586	90
EX	587	417
EX	588	102
EX	589	107
EX	590	0
EX	591	57
EX	592	58
EX	593	161
EX	594	57
EX	595	57
EX	596	57
EX	597	57
EX	598	57
EX	599	56
EX	600	58
EX	601	199
EX	602	58
EX	603	56
EX	604	57
EX	605	57
EX	606	57
EX	607	57
EX	608	57
EX	609	222
EX	610	57
EX	611	58
EX	612	56
EX	613	57
EX	614	57
EX	615	57
EX	616	57
EX	617	287
EX	618	58
EX	619	93
EX	620	112
EX	621	93
EX	622	93
EX	623	112
EX	624	102
EX	625	227
EX	626	85
EX	627	84
EX	628	0
EX	629	66
EX	630	63
EX	631	64
EX	632	71
EX	633	191
EX	634	57
EX	635	58
EX	636	56
EX	637	56
EX	638	58
EX	639	56
EX	640	57
EX	641	184
EX	642	57
EX	643	57
EX	644	57
EX	645	56
EX	646	58
EX	647	57
EX	648	57
EX	649	180
EX	650	56
EX	651	57
EX	652	56
EX	653	57
EX	654	57
EX	655	57
EX	656	57
EX	657	171
EX	658	57
EX	659	56
EX	660	57
EX	661	57
EX	662	57
EX	663	56
EX	664	281
EX	665	303
EX	666	56
EX	667	57
EX	668	62
EX	669	57
EX	670	57
EX	671	56
EX	672	63
EX	673	192
EX	674	61
EX	675	58
EX	676	56
EX	677	66
EX	678	60
EX	679	56
EX	680	66
EX	681	408
EX	682	57
EX	683	66
EX	684	61
EX	685	56
EX	686	57
EX	687	56
EX	688	62
EX	689	198
EX	690	61
EX	691	57
EX	692	65
EX	693	57
EX	694	61
EX	695	56
EX	696	65
EX	697	174
EX	698	65
EX	699	66
EX	700	70
EX	701	66
EX	702	66
EX	703	66
EX	704	70
EX	705	187
EX	706	72
EX	707	66
EX	708	65
EX	709	66
EX	710	71
EX	711	66
EX	712	66
EX	713	225
EX	714	66
EX	715	66
EX	716	70
EX	717	0
EX	718	66
EX	719	66
EX	720	237
EX	721	66
EX	722	65
EX	723	66
EX	724	66
EX	725	66
EX	726	66
EX	727	66
EX	728	408
EX	729	66
EX	730	66
EX	731	66
EX	732	65
EX	733	291
EX	734	66
EX	735	65
EX	736	150
EX	737	67
EX	738	65
EX	739	66
EX	740	65
EX	741	66
EX	742	66
EX	743	66
EX	744	211
EX	745	66
EX	746	66
EX	747	66
EX	748	65
EX	749	66
EX	750	66
EX	751	65
EX	752	470
EX	753	66
EX	754	66
EX	755	66
EX	756	65
EX	757	71
EX	758	65
EX	759	66
EX	760	199
EX	761	65
EX	762	66
EX	763	0
EX	764	93
EX	765	94
EX	766	84
EX	767	75
EX	768	436
EX	769	93
EX	770	89
EX	771	94
EX	772	93
EX	773	0
EX	774	44
EX	775	44
EX	776	45
EX	777	48
EX	778	43
EX	779	44
EX	780	44
EX	781	218
EX	782	44
EX	783	47
EX	784	45
EX	785	0
EX	786	48
EX	787	48
EX	788	44
EX	789	153
EX	790	43
